<?xml version="1.0" encoding="UTF-8"?>
<!-- Generated by org.testng.reporters.JUnitReportReporter -->
<testsuite hostname="tejal" failures="0" tests="11" name="com.EcommerseApplication.testCases.registerTest" time="118.653" errors="0" timestamp="2023-06-09T15:46:40 IST" skipped="0">
  <testcase classname="com.EcommerseApplication.testCases.registerTest" name="VerifyRegisterAccountWithMandetoryField" time="9.142"/>
  <system-out/>
  <testcase classname="com.EcommerseApplication.testCases.registerTest" name="VerifyRegisterAccountWithAllField" time="9.269"/>
  <system-out/>
  <testcase classname="com.EcommerseApplication.testCases.registerTest" name="verifyRegisterPageWithExsitingEmail" time="10.573"/>
  <system-out/>
  <testcase classname="com.EcommerseApplication.testCases.registerTest" name="verifyRegisterPageWithoutProvidingfeild" time="11.860"/>
  <system-out/>
  <testcase classname="com.EcommerseApplication.testCases.registerTest" name="Verify_Allfieldhave_proper_Placeholder" time="7.534"/>
  <system-out/>
  <testcase classname="com.EcommerseApplication.testCases.registerTest" name="Test_PrivacyPolicyCheckbox_notselected_Bydefault" time="6.779"/>
  <system-out/>
  <testcase classname="com.EcommerseApplication.testCases.registerTest" name="Test_RegisterAccount_withoutSelcting_privacyPolicycheckbox" time="10.187"/>
  <system-out/>
  <testcase classname="com.EcommerseApplication.testCases.registerTest" name="TC_Rf_025_VerifyBreadcrumb" time="6.027"/>
  <system-out/>
  <testcase classname="com.EcommerseApplication.testCases.registerTest" name="TC_RF_023_VerificationOfOtherNavigationPageLink" time="24.641"/>
  <system-out/>
  <testcase classname="com.EcommerseApplication.testCases.registerTest" name="TC_RF_008_VerifyregisterFucnalityDiffrentpassAndPassconfirm" time="10.933"/>
  <system-out/>
  <testcase classname="com.EcommerseApplication.testCases.registerTest" name="TC_RF_008_VerifyregisterFucnalityDiffrentpassAndPassconfirmisBlank" time="11.708"/>
  <system-out/>
</testsuite> <!-- com.EcommerseApplication.testCases.registerTest -->
