<?xml version="1.0" encoding="UTF-8"?>
<!-- Generated by org.testng.reporters.JUnitReportReporter -->
<testsuite hostname="tejal" failures="0" tests="6" name="com.EcommerseApplication.testCases.SearchTest" time="57.239" errors="0" timestamp="2023-06-16T18:52:10 IST" skipped="1">
  <testcase classname="com.EcommerseApplication.testCases.SearchTest" name="Tc_001_verifySearchWithExistingProduct" time="8.722"/>
  <system-out/>
  <testcase classname="com.EcommerseApplication.testCases.SearchTest" name="Tc_002_verifySearchWithNonExistingProduct" time="10.476"/>
  <system-out/>
  <testcase classname="com.EcommerseApplication.testCases.SearchTest" name="Tc_003_verifySearchWithoutEntringProduct" time="9.282"/>
  <system-out/>
  <testcase classname="com.EcommerseApplication.testCases.SearchTest" name="Tc_006_verifySearchWithoutEntringProductForPlaceholder" time="11.447"/>
  <system-out/>
  <testcase classname="com.EcommerseApplication.testCases.SearchTest" name="TC_Sf_007_Searchusing_serachcriteria_textbox" time="17.312"/>
  <system-out/>
  <testcase classname="com.EcommerseApplication.testCases.SearchTest" name="TC_004_VeriftSearchproductAfterLogin">
    <skipped/>
  </testcase> <!-- TC_004_VeriftSearchproductAfterLogin -->
  <system-out/>
</testsuite> <!-- com.EcommerseApplication.testCases.SearchTest -->
