<?xml version="1.0" encoding="UTF-8"?>
<!-- Generated by org.testng.reporters.JUnitReportReporter -->
<testsuite hostname="tejal" failures="0" tests="12" name="com.EcommerseApplication.testCases.loginTest" time="57.008" errors="0" timestamp="2023-06-09T15:46:40 IST" skipped="5">
  <testcase classname="com.EcommerseApplication.testCases.loginTest" name="Login" time="6.336"/>
  <system-out/>
  <testcase classname="com.EcommerseApplication.testCases.loginTest" name="Login" time="8.389"/>
  <system-out/>
  <testcase classname="com.EcommerseApplication.testCases.loginTest" name="Login" time="6.828"/>
  <system-out/>
  <testcase classname="com.EcommerseApplication.testCases.loginTest" name="Login" time="6.938"/>
  <system-out/>
  <testcase classname="com.EcommerseApplication.testCases.loginTest" name="Login" time="7.874"/>
  <system-out/>
  <testcase classname="com.EcommerseApplication.testCases.loginTest" name="TC_LF_006_Forgottenpassword" time="7.897"/>
  <system-out/>
  <testcase classname="com.EcommerseApplication.testCases.loginTest" name="TC_LF_008_PlaceholderVisibilityTest" time="12.746"/>
  <system-out/>
  <testcase classname="com.EcommerseApplication.testCases.loginTest" name="verifyLoginWithInvalidCredentials">
    <skipped/>
  </testcase> <!-- verifyLoginWithInvalidCredentials -->
  <system-out/>
  <testcase classname="com.EcommerseApplication.testCases.loginTest" name="verifyLoginWithValidCredintials">
    <skipped/>
  </testcase> <!-- verifyLoginWithValidCredintials -->
  <system-out/>
  <testcase classname="com.EcommerseApplication.testCases.loginTest" name="verifyLoginWithInvalidEmailValidPassword">
    <skipped/>
  </testcase> <!-- verifyLoginWithInvalidEmailValidPassword -->
  <system-out/>
  <testcase classname="com.EcommerseApplication.testCases.loginTest" name="verifyLoginWithValidEmailInvalidPassword">
    <skipped/>
  </testcase> <!-- verifyLoginWithValidEmailInvalidPassword -->
  <system-out/>
  <testcase classname="com.EcommerseApplication.testCases.loginTest" name="verifyLoginWithBlankEmailPassword">
    <skipped/>
  </testcase> <!-- verifyLoginWithBlankEmailPassword -->
  <system-out/>
</testsuite> <!-- com.EcommerseApplication.testCases.loginTest -->
