<?xml version="1.0" encoding="UTF-8"?>
<!-- Generated by org.testng.reporters.JUnitReportReporter -->
<testsuite hostname="LAPTOP-J918G7Q3" failures="0" tests="2" name="com.EcommerseApplication.testCases.HomepageTest" time="36.322" errors="0" timestamp="2024-02-23T19:36:40 IST" skipped="0">
  <testcase classname="com.EcommerseApplication.testCases.HomepageTest" name="Homepage_Tittle_Test" time="16.202"/>
  <system-out/>
  <testcase classname="com.EcommerseApplication.testCases.HomepageTest" name="Element_visiblity_Test" time="20.120"/>
  <system-out/>
</testsuite> <!-- com.EcommerseApplication.testCases.HomepageTest -->
