<?xml version="1.0" encoding="UTF-8"?>
<!-- Generated by org.testng.reporters.JUnitReportReporter -->
<testsuite hostname="tejal" failures="0" tests="2" name="com.EcommerseApplication.testCases.HomepageTest" time="35.351" errors="0" timestamp="2024-02-23T16:52:59 IST" skipped="0">
  <testcase classname="com.EcommerseApplication.testCases.HomepageTest" name="Homepage_Tittle_Test" time="17.564"/>
  <system-out/>
  <testcase classname="com.EcommerseApplication.testCases.HomepageTest" name="Element_visiblity_Test" time="17.787"/>
  <system-out/>
</testsuite> <!-- com.EcommerseApplication.testCases.HomepageTest -->
